# JRE version: OpenJDK Runtime Environment (8.0_242-b01) (build 1.8.0_242-release-1644-b01)
# Java VM: OpenJDK 64-Bit Server VM (25.242-b01 mixed mode windows-amd64 compressed oops)
Heap:
 PSYoungGen      total 176128K, used 37291K [0x00000000d5f00000, 0x00000000e4000000, 0x0000000100000000)
  eden space 141824K, 26% used [0x00000000d5f00000,0x00000000d836ada8,0x00000000de980000)
  from space 34304K, 0% used [0x00000000e1200000,0x00000000e1200000,0x00000000e3380000)
  to   space 41472K, 0% used [0x00000000de980000,0x00000000de980000,0x00000000e1200000)
 ParOldGen       total 217600K, used 75583K [0x0000000081c00000, 0x000000008f080000, 0x00000000d5f00000)
  object space 217600K, 34% used [0x0000000081c00000,0x00000000865cff48,0x000000008f080000)
 Metaspace       used 63605K, capacity 64774K, committed 65240K, reserved 1107968K
  class space    used 7293K, capacity 7585K, committed 7680K, reserved 1048576K
GC Heap History (10 events):
Event: 3.120 GC heap before
{Heap before GC invocations=7 (full 2):
 PSYoungGen      total 125440K, used 5101K [0x00000000d5f00000, 0x00000000dfc80000, 0x0000000100000000)
  eden space 120320K, 0% used [0x00000000d5f00000,0x00000000d5f00000,0x00000000dd480000)
  from space 5120K, 99% used [0x00000000de100000,0x00000000de5fb670,0x00000000de600000)
  to   space 20480K, 0% used [0x00000000de880000,0x00000000de880000,0x00000000dfc80000)
 ParOldGen       total 94208K, used 40381K [0x0000000081c00000, 0x0000000087800000, 0x00000000d5f00000)
  object space 94208K, 42% used [0x0000000081c00000,0x000000008436f790,0x0000000087800000)
 Metaspace       used 34689K, capacity 35204K, committed 35416K, reserved 1081344K
  class space    used 4320K, capacity 4476K, committed 4480K, reserved 1048576K
Event: 3.201 GC heap after
Heap after GC invocations=7 (full 2):
 PSYoungGen      total 125440K, used 0K [0x00000000d5f00000, 0x00000000dfc80000, 0x0000000100000000)
  eden space 120320K, 0% used [0x00000000d5f00000,0x00000000d5f00000,0x00000000dd480000)
  from space 5120K, 0% used [0x00000000de100000,0x00000000de100000,0x00000000de600000)
  to   space 20480K, 0% used [0x00000000de880000,0x00000000de880000,0x00000000dfc80000)
 ParOldGen       total 139776K, used 34925K [0x0000000081c00000, 0x000000008a480000, 0x00000000d5f00000)
  object space 139776K, 24% used [0x0000000081c00000,0x0000000083e1b578,0x000000008a480000)
 Metaspace       used 34689K, capacity 35204K, committed 35416K, reserved 1081344K
  class space    used 4320K, capacity 4476K, committed 4480K, reserved 1048576K
}
Event: 5.154 GC heap before
{Heap before GC invocations=8 (full 2):
 PSYoungGen      total 125440K, used 120320K [0x00000000d5f00000, 0x00000000dfc80000, 0x0000000100000000)
  eden space 120320K, 100% used [0x00000000d5f00000,0x00000000dd480000,0x00000000dd480000)
  from space 5120K, 0% used [0x00000000de100000,0x00000000de100000,0x00000000de600000)
  to   space 20480K, 0% used [0x00000000de880000,0x00000000de880000,0x00000000dfc80000)
 ParOldGen       total 139776K, used 34925K [0x0000000081c00000, 0x000000008a480000, 0x00000000d5f00000)
  object space 139776K, 24% used [0x0000000081c00000,0x0000000083e1b578,0x000000008a480000)
 Metaspace       used 45570K, capacity 46408K, committed 46680K, reserved 1089536K
  class space    used 5530K, capacity 5736K, committed 5760K, reserved 1048576K
Event: 5.184 GC heap after
Heap after GC invocations=8 (full 2):
 PSYoungGen      total 135168K, used 20473K [0x00000000d5f00000, 0x00000000e2d80000, 0x0000000100000000)
  eden space 114688K, 0% used [0x00000000d5f00000,0x00000000d5f00000,0x00000000dcf00000)
  from space 20480K, 99% used [0x00000000de880000,0x00000000dfc7e648,0x00000000dfc80000)
  to   space 26112K, 0% used [0x00000000dcf00000,0x00000000dcf00000,0x00000000de880000)
 ParOldGen       total 139776K, used 39629K [0x0000000081c00000, 0x000000008a480000, 0x00000000d5f00000)
  object space 139776K, 28% used [0x0000000081c00000,0x00000000842b34b0,0x000000008a480000)
 Metaspace       used 45570K, capacity 46408K, committed 46680K, reserved 1089536K
  class space    used 5530K, capacity 5736K, committed 5760K, reserved 1048576K
}
Event: 8.186 GC heap before
{Heap before GC invocations=9 (full 2):
 PSYoungGen      total 135168K, used 135161K [0x00000000d5f00000, 0x00000000e2d80000, 0x0000000100000000)
  eden space 114688K, 100% used [0x00000000d5f00000,0x00000000dcf00000,0x00000000dcf00000)
  from space 20480K, 99% used [0x00000000de880000,0x00000000dfc7e648,0x00000000dfc80000)
  to   space 26112K, 0% used [0x00000000dcf00000,0x00000000dcf00000,0x00000000de880000)
 ParOldGen       total 139776K, used 39629K [0x0000000081c00000, 0x000000008a480000, 0x00000000d5f00000)
  object space 139776K, 28% used [0x0000000081c00000,0x00000000842b34b0,0x000000008a480000)
 Metaspace       used 53517K, capacity 54522K, committed 54744K, reserved 1097728K
  class space    used 6308K, capacity 6579K, committed 6656K, reserved 1048576K
Event: 8.232 GC heap after
Heap after GC invocations=9 (full 2):
 PSYoungGen      total 140800K, used 26083K [0x00000000d5f00000, 0x00000000e3380000, 0x0000000100000000)
  eden space 114688K, 0% used [0x00000000d5f00000,0x00000000d5f00000,0x00000000dcf00000)
  from space 26112K, 99% used [0x00000000dcf00000,0x00000000de878d80,0x00000000de880000)
  to   space 34304K, 0% used [0x00000000e1200000,0x00000000e1200000,0x00000000e3380000)
 ParOldGen       total 139776K, used 48374K [0x0000000081c00000, 0x000000008a480000, 0x00000000d5f00000)
  object space 139776K, 34% used [0x0000000081c00000,0x0000000084b3db88,0x000000008a480000)
 Metaspace       used 53517K, capacity 54522K, committed 54744K, reserved 1097728K
  class space    used 6308K, capacity 6579K, committed 6656K, reserved 1048576K
}
Event: 11.938 GC heap before
{Heap before GC invocations=10 (full 2):
 PSYoungGen      total 140800K, used 125647K [0x00000000d5f00000, 0x00000000e3380000, 0x0000000100000000)
  eden space 114688K, 86% used [0x00000000d5f00000,0x00000000dc03afd0,0x00000000dcf00000)
  from space 26112K, 99% used [0x00000000dcf00000,0x00000000de878d80,0x00000000de880000)
  to   space 34304K, 0% used [0x00000000e1200000,0x00000000e1200000,0x00000000e3380000)
 ParOldGen       total 139776K, used 48374K [0x0000000081c00000, 0x000000008a480000, 0x00000000d5f00000)
  object space 139776K, 34% used [0x0000000081c00000,0x0000000084b3db88,0x000000008a480000)
 Metaspace       used 57713K, capacity 58816K, committed 58968K, reserved 1101824K
  class space    used 6706K, capacity 7016K, committed 7040K, reserved 1048576K
Event: 12.002 GC heap after
Heap after GC invocations=10 (full 2):
 PSYoungGen      total 176128K, used 34284K [0x00000000d5f00000, 0x00000000e4000000, 0x0000000100000000)
  eden space 141824K, 0% used [0x00000000d5f00000,0x00000000d5f00000,0x00000000de980000)
  from space 34304K, 99% used [0x00000000e1200000,0x00000000e337b230,0x00000000e3380000)
  to   space 41472K, 0% used [0x00000000de980000,0x00000000de980000,0x00000000e1200000)
 ParOldGen       total 139776K, used 52760K [0x0000000081c00000, 0x000000008a480000, 0x00000000d5f00000)
  object space 139776K, 37% used [0x0000000081c00000,0x0000000084f863e8,0x000000008a480000)
 Metaspace       used 57713K, capacity 58816K, committed 58968K, reserved 1101824K
  class space    used 6706K, capacity 7016K, committed 7040K, reserved 1048576K
}
Event: 12.002 GC heap before
{Heap before GC invocations=11 (full 3):
 PSYoungGen      total 176128K, used 34284K [0x00000000d5f00000, 0x00000000e4000000, 0x0000000100000000)
  eden space 141824K, 0% used [0x00000000d5f00000,0x00000000d5f00000,0x00000000de980000)
  from space 34304K, 99% used [0x00000000e1200000,0x00000000e337b230,0x00000000e3380000)
  to   space 41472K, 0% used [0x00000000de980000,0x00000000de980000,0x00000000e1200000)
 ParOldGen       total 139776K, used 52760K [0x0000000081c00000, 0x000000008a480000, 0x00000000d5f00000)
  object space 139776K, 37% used [0x0000000081c00000,0x0000000084f863e8,0x000000008a480000)
 Metaspace       used 57713K, capacity 58816K, committed 58968K, reserved 1101824K
  class space    used 6706K, capacity 7016K, committed 7040K, reserved 1048576K
Event: 12.383 GC heap after
Heap after GC invocations=11 (full 3):
 PSYoungGen      total 176128K, used 0K [0x00000000d5f00000, 0x00000000e4000000, 0x0000000100000000)
  eden space 141824K, 0% used [0x00000000d5f00000,0x00000000d5f00000,0x00000000de980000)
  from space 34304K, 0% used [0x00000000e1200000,0x00000000e1200000,0x00000000e3380000)
  to   space 41472K, 0% used [0x00000000de980000,0x00000000de980000,0x00000000e1200000)
 ParOldGen       total 217600K, used 75583K [0x0000000081c00000, 0x000000008f080000, 0x00000000d5f00000)
  object space 217600K, 34% used [0x0000000081c00000,0x00000000865cff48,0x000000008f080000)
 Metaspace       used 57713K, capacity 58816K, committed 58968K, reserved 1101824K
  class space    used 6706K, capacity 7016K, committed 7040K, reserved 1048576K
}

