# JRE version: OpenJDK Runtime Environment (8.0_242-b01) (build 1.8.0_242-release-1644-b01)
# Java VM: OpenJDK 64-Bit Server VM (25.242-b01 mixed mode windows-amd64 compressed oops)
Heap:
 PSYoungGen      total 176640K, used 73838K [0x00000000d5f00000, 0x00000000e4000000, 0x0000000100000000)
  eden space 141824K, 52% used [0x00000000d5f00000,0x00000000da71bab0,0x00000000de980000)
  from space 34816K, 0% used [0x00000000e1280000,0x00000000e1280000,0x00000000e3480000)
  to   space 41984K, 0% used [0x00000000de980000,0x00000000de980000,0x00000000e1280000)
 ParOldGen       total 212480K, used 68569K [0x0000000081c00000, 0x000000008eb80000, 0x00000000d5f00000)
  object space 212480K, 32% used [0x0000000081c00000,0x0000000085ef65c0,0x000000008eb80000)
 Metaspace       used 65759K, capacity 66994K, committed 67160K, reserved 1107968K
  class space    used 7448K, capacity 7783K, committed 7808K, reserved 1048576K
GC Heap History (10 events):
Event: 2.996 GC heap before
{Heap before GC invocations=7 (full 2):
 PSYoungGen      total 125440K, used 5101K [0x00000000d5f00000, 0x00000000dfe80000, 0x0000000100000000)
  eden space 120320K, 0% used [0x00000000d5f00000,0x00000000d5f00000,0x00000000dd480000)
  from space 5120K, 99% used [0x00000000de100000,0x00000000de5fb6a0,0x00000000de600000)
  to   space 21504K, 0% used [0x00000000de980000,0x00000000de980000,0x00000000dfe80000)
 ParOldGen       total 94720K, used 41220K [0x0000000081c00000, 0x0000000087880000, 0x00000000d5f00000)
  object space 94720K, 43% used [0x0000000081c00000,0x0000000084441318,0x0000000087880000)
 Metaspace       used 34682K, capacity 35204K, committed 35416K, reserved 1081344K
  class space    used 4327K, capacity 4476K, committed 4480K, reserved 1048576K
Event: 3.084 GC heap after
Heap after GC invocations=7 (full 2):
 PSYoungGen      total 125440K, used 0K [0x00000000d5f00000, 0x00000000dfe80000, 0x0000000100000000)
  eden space 120320K, 0% used [0x00000000d5f00000,0x00000000d5f00000,0x00000000dd480000)
  from space 5120K, 0% used [0x00000000de100000,0x00000000de100000,0x00000000de600000)
  to   space 21504K, 0% used [0x00000000de980000,0x00000000de980000,0x00000000dfe80000)
 ParOldGen       total 149504K, used 43109K [0x0000000081c00000, 0x000000008ae00000, 0x00000000d5f00000)
  object space 149504K, 28% used [0x0000000081c00000,0x0000000084619528,0x000000008ae00000)
 Metaspace       used 34682K, capacity 35204K, committed 35416K, reserved 1081344K
  class space    used 4327K, capacity 4476K, committed 4480K, reserved 1048576K
}
Event: 4.945 GC heap before
{Heap before GC invocations=8 (full 2):
 PSYoungGen      total 125440K, used 120320K [0x00000000d5f00000, 0x00000000dfe80000, 0x0000000100000000)
  eden space 120320K, 100% used [0x00000000d5f00000,0x00000000dd480000,0x00000000dd480000)
  from space 5120K, 0% used [0x00000000de100000,0x00000000de100000,0x00000000de600000)
  to   space 21504K, 0% used [0x00000000de980000,0x00000000de980000,0x00000000dfe80000)
 ParOldGen       total 149504K, used 43109K [0x0000000081c00000, 0x000000008ae00000, 0x00000000d5f00000)
  object space 149504K, 28% used [0x0000000081c00000,0x0000000084619528,0x000000008ae00000)
 Metaspace       used 45542K, capacity 46344K, committed 46680K, reserved 1089536K
  class space    used 5529K, capacity 5736K, committed 5760K, reserved 1048576K
Event: 4.969 GC heap after
Heap after GC invocations=8 (full 2):
 PSYoungGen      total 136704K, used 21473K [0x00000000d5f00000, 0x00000000e2c80000, 0x0000000100000000)
  eden space 115200K, 0% used [0x00000000d5f00000,0x00000000d5f00000,0x00000000dcf80000)
  from space 21504K, 99% used [0x00000000de980000,0x00000000dfe78408,0x00000000dfe80000)
  to   space 26624K, 0% used [0x00000000dcf80000,0x00000000dcf80000,0x00000000de980000)
 ParOldGen       total 149504K, used 46910K [0x0000000081c00000, 0x000000008ae00000, 0x00000000d5f00000)
  object space 149504K, 31% used [0x0000000081c00000,0x00000000849cf8b8,0x000000008ae00000)
 Metaspace       used 45542K, capacity 46344K, committed 46680K, reserved 1089536K
  class space    used 5529K, capacity 5736K, committed 5760K, reserved 1048576K
}
Event: 7.711 GC heap before
{Heap before GC invocations=9 (full 2):
 PSYoungGen      total 136704K, used 136673K [0x00000000d5f00000, 0x00000000e2c80000, 0x0000000100000000)
  eden space 115200K, 100% used [0x00000000d5f00000,0x00000000dcf80000,0x00000000dcf80000)
  from space 21504K, 99% used [0x00000000de980000,0x00000000dfe78408,0x00000000dfe80000)
  to   space 26624K, 0% used [0x00000000dcf80000,0x00000000dcf80000,0x00000000de980000)
 ParOldGen       total 149504K, used 46910K [0x0000000081c00000, 0x000000008ae00000, 0x00000000d5f00000)
  object space 149504K, 31% used [0x0000000081c00000,0x00000000849cf8b8,0x000000008ae00000)
 Metaspace       used 53364K, capacity 54378K, committed 54744K, reserved 1097728K
  class space    used 6304K, capacity 6579K, committed 6656K, reserved 1048576K
Event: 7.761 GC heap after
Heap after GC invocations=9 (full 2):
 PSYoungGen      total 141824K, used 26592K [0x00000000d5f00000, 0x00000000e3480000, 0x0000000100000000)
  eden space 115200K, 0% used [0x00000000d5f00000,0x00000000d5f00000,0x00000000dcf80000)
  from space 26624K, 99% used [0x00000000dcf80000,0x00000000de978200,0x00000000de980000)
  to   space 34816K, 0% used [0x00000000e1280000,0x00000000e1280000,0x00000000e3480000)
 ParOldGen       total 149504K, used 55229K [0x0000000081c00000, 0x000000008ae00000, 0x00000000d5f00000)
  object space 149504K, 36% used [0x0000000081c00000,0x00000000851ef660,0x000000008ae00000)
 Metaspace       used 53364K, capacity 54378K, committed 54744K, reserved 1097728K
  class space    used 6304K, capacity 6579K, committed 6656K, reserved 1048576K
}
Event: 11.157 GC heap before
{Heap before GC invocations=10 (full 2):
 PSYoungGen      total 141824K, used 129059K [0x00000000d5f00000, 0x00000000e3480000, 0x0000000100000000)
  eden space 115200K, 88% used [0x00000000d5f00000,0x00000000dc310bf8,0x00000000dcf80000)
  from space 26624K, 99% used [0x00000000dcf80000,0x00000000de978200,0x00000000de980000)
  to   space 34816K, 0% used [0x00000000e1280000,0x00000000e1280000,0x00000000e3480000)
 ParOldGen       total 149504K, used 55229K [0x0000000081c00000, 0x000000008ae00000, 0x00000000d5f00000)
  object space 149504K, 36% used [0x0000000081c00000,0x00000000851ef660,0x000000008ae00000)
 Metaspace       used 57768K, capacity 58776K, committed 58968K, reserved 1101824K
  class space    used 6722K, capacity 6984K, committed 7040K, reserved 1048576K
Event: 11.209 GC heap after
Heap after GC invocations=10 (full 2):
 PSYoungGen      total 176640K, used 34813K [0x00000000d5f00000, 0x00000000e4000000, 0x0000000100000000)
  eden space 141824K, 0% used [0x00000000d5f00000,0x00000000d5f00000,0x00000000de980000)
  from space 34816K, 99% used [0x00000000e1280000,0x00000000e347f7d0,0x00000000e3480000)
  to   space 41984K, 0% used [0x00000000de980000,0x00000000de980000,0x00000000e1280000)
 ParOldGen       total 149504K, used 59755K [0x0000000081c00000, 0x000000008ae00000, 0x00000000d5f00000)
  object space 149504K, 39% used [0x0000000081c00000,0x000000008565ade0,0x000000008ae00000)
 Metaspace       used 57768K, capacity 58776K, committed 58968K, reserved 1101824K
  class space    used 6722K, capacity 6984K, committed 7040K, reserved 1048576K
}
Event: 11.209 GC heap before
{Heap before GC invocations=11 (full 3):
 PSYoungGen      total 176640K, used 34813K [0x00000000d5f00000, 0x00000000e4000000, 0x0000000100000000)
  eden space 141824K, 0% used [0x00000000d5f00000,0x00000000d5f00000,0x00000000de980000)
  from space 34816K, 99% used [0x00000000e1280000,0x00000000e347f7d0,0x00000000e3480000)
  to   space 41984K, 0% used [0x00000000de980000,0x00000000de980000,0x00000000e1280000)
 ParOldGen       total 149504K, used 59755K [0x0000000081c00000, 0x000000008ae00000, 0x00000000d5f00000)
  object space 149504K, 39% used [0x0000000081c00000,0x000000008565ade0,0x000000008ae00000)
 Metaspace       used 57768K, capacity 58776K, committed 58968K, reserved 1101824K
  class space    used 6722K, capacity 6984K, committed 7040K, reserved 1048576K
Event: 11.531 GC heap after
Heap after GC invocations=11 (full 3):
 PSYoungGen      total 176640K, used 0K [0x00000000d5f00000, 0x00000000e4000000, 0x0000000100000000)
  eden space 141824K, 0% used [0x00000000d5f00000,0x00000000d5f00000,0x00000000de980000)
  from space 34816K, 0% used [0x00000000e1280000,0x00000000e1280000,0x00000000e3480000)
  to   space 41984K, 0% used [0x00000000de980000,0x00000000de980000,0x00000000e1280000)
 ParOldGen       total 212480K, used 68569K [0x0000000081c00000, 0x000000008eb80000, 0x00000000d5f00000)
  object space 212480K, 32% used [0x0000000081c00000,0x0000000085ef65c0,0x000000008eb80000)
 Metaspace       used 57768K, capacity 58776K, committed 58968K, reserved 1101824K
  class space    used 6722K, capacity 6984K, committed 7040K, reserved 1048576K
}

