# JRE version: OpenJDK Runtime Environment (8.0_242-b01) (build 1.8.0_242-release-1644-b01)
# Java VM: OpenJDK 64-Bit Server VM (25.242-b01 mixed mode windows-amd64 compressed oops)
Heap:
 PSYoungGen      total 175616K, used 81246K [0x00000000d5f00000, 0x00000000e3f00000, 0x0000000100000000)
  eden space 141312K, 57% used [0x00000000d5f00000,0x00000000dae57800,0x00000000de900000)
  from space 34304K, 0% used [0x00000000e1180000,0x00000000e1180000,0x00000000e3300000)
  to   space 41472K, 0% used [0x00000000de900000,0x00000000de900000,0x00000000e1180000)
 ParOldGen       total 211456K, used 68584K [0x0000000081c00000, 0x000000008ea80000, 0x00000000d5f00000)
  object space 211456K, 32% used [0x0000000081c00000,0x0000000085efa228,0x000000008ea80000)
 Metaspace       used 65932K, capacity 67180K, committed 67544K, reserved 1110016K
  class space    used 7460K, capacity 7822K, committed 7936K, reserved 1048576K
GC Heap History (10 events):
Event: 3.039 GC heap before
{Heap before GC invocations=7 (full 2):
 PSYoungGen      total 125440K, used 5113K [0x00000000d5f00000, 0x00000000dfd80000, 0x0000000100000000)
  eden space 120320K, 0% used [0x00000000d5f00000,0x00000000d5f00000,0x00000000dd480000)
  from space 5120K, 99% used [0x00000000de100000,0x00000000de5fe670,0x00000000de600000)
  to   space 20992K, 0% used [0x00000000de900000,0x00000000de900000,0x00000000dfd80000)
 ParOldGen       total 94208K, used 40485K [0x0000000081c00000, 0x0000000087800000, 0x00000000d5f00000)
  object space 94208K, 42% used [0x0000000081c00000,0x00000000843895a0,0x0000000087800000)
 Metaspace       used 34701K, capacity 35204K, committed 35416K, reserved 1081344K
  class space    used 4330K, capacity 4476K, committed 4480K, reserved 1048576K
Event: 3.128 GC heap after
Heap after GC invocations=7 (full 2):
 PSYoungGen      total 125440K, used 0K [0x00000000d5f00000, 0x00000000dfd80000, 0x0000000100000000)
  eden space 120320K, 0% used [0x00000000d5f00000,0x00000000d5f00000,0x00000000dd480000)
  from space 5120K, 0% used [0x00000000de100000,0x00000000de100000,0x00000000de600000)
  to   space 20992K, 0% used [0x00000000de900000,0x00000000de900000,0x00000000dfd80000)
 ParOldGen       total 140288K, used 35114K [0x0000000081c00000, 0x000000008a500000, 0x00000000d5f00000)
  object space 140288K, 25% used [0x0000000081c00000,0x0000000083e4a800,0x000000008a500000)
 Metaspace       used 34701K, capacity 35204K, committed 35416K, reserved 1081344K
  class space    used 4330K, capacity 4476K, committed 4480K, reserved 1048576K
}
Event: 4.969 GC heap before
{Heap before GC invocations=8 (full 2):
 PSYoungGen      total 125440K, used 120320K [0x00000000d5f00000, 0x00000000dfd80000, 0x0000000100000000)
  eden space 120320K, 100% used [0x00000000d5f00000,0x00000000dd480000,0x00000000dd480000)
  from space 5120K, 0% used [0x00000000de100000,0x00000000de100000,0x00000000de600000)
  to   space 20992K, 0% used [0x00000000de900000,0x00000000de900000,0x00000000dfd80000)
 ParOldGen       total 140288K, used 35114K [0x0000000081c00000, 0x000000008a500000, 0x00000000d5f00000)
  object space 140288K, 25% used [0x0000000081c00000,0x0000000083e4a800,0x000000008a500000)
 Metaspace       used 45511K, capacity 46344K, committed 46680K, reserved 1089536K
  class space    used 5530K, capacity 5736K, committed 5760K, reserved 1048576K
Event: 4.997 GC heap after
Heap after GC invocations=8 (full 2):
 PSYoungGen      total 136192K, used 20967K [0x00000000d5f00000, 0x00000000e2c00000, 0x0000000100000000)
  eden space 115200K, 0% used [0x00000000d5f00000,0x00000000d5f00000,0x00000000dcf80000)
  from space 20992K, 99% used [0x00000000de900000,0x00000000dfd79e00,0x00000000dfd80000)
  to   space 26112K, 0% used [0x00000000dcf80000,0x00000000dcf80000,0x00000000de900000)
 ParOldGen       total 140288K, used 39339K [0x0000000081c00000, 0x000000008a500000, 0x00000000d5f00000)
  object space 140288K, 28% used [0x0000000081c00000,0x000000008426adf0,0x000000008a500000)
 Metaspace       used 45511K, capacity 46344K, committed 46680K, reserved 1089536K
  class space    used 5530K, capacity 5736K, committed 5760K, reserved 1048576K
}
Event: 7.826 GC heap before
{Heap before GC invocations=9 (full 2):
 PSYoungGen      total 136192K, used 136167K [0x00000000d5f00000, 0x00000000e2c00000, 0x0000000100000000)
  eden space 115200K, 100% used [0x00000000d5f00000,0x00000000dcf80000,0x00000000dcf80000)
  from space 20992K, 99% used [0x00000000de900000,0x00000000dfd79e00,0x00000000dfd80000)
  to   space 26112K, 0% used [0x00000000dcf80000,0x00000000dcf80000,0x00000000de900000)
 ParOldGen       total 140288K, used 39339K [0x0000000081c00000, 0x000000008a500000, 0x00000000d5f00000)
  object space 140288K, 28% used [0x0000000081c00000,0x000000008426adf0,0x000000008a500000)
 Metaspace       used 53453K, capacity 54506K, committed 54744K, reserved 1097728K
  class space    used 6307K, capacity 6579K, committed 6656K, reserved 1048576K
Event: 7.871 GC heap after
Heap after GC invocations=9 (full 2):
 PSYoungGen      total 141312K, used 26083K [0x00000000d5f00000, 0x00000000e3300000, 0x0000000100000000)
  eden space 115200K, 0% used [0x00000000d5f00000,0x00000000d5f00000,0x00000000dcf80000)
  from space 26112K, 99% used [0x00000000dcf80000,0x00000000de8f8d80,0x00000000de900000)
  to   space 34304K, 0% used [0x00000000e1180000,0x00000000e1180000,0x00000000e3300000)
 ParOldGen       total 140288K, used 48011K [0x0000000081c00000, 0x000000008a500000, 0x00000000d5f00000)
  object space 140288K, 34% used [0x0000000081c00000,0x0000000084ae2c78,0x000000008a500000)
 Metaspace       used 53453K, capacity 54506K, committed 54744K, reserved 1097728K
  class space    used 6307K, capacity 6579K, committed 6656K, reserved 1048576K
}
Event: 11.046 GC heap before
{Heap before GC invocations=10 (full 2):
 PSYoungGen      total 141312K, used 128093K [0x00000000d5f00000, 0x00000000e3300000, 0x0000000100000000)
  eden space 115200K, 88% used [0x00000000d5f00000,0x00000000dc29e7a0,0x00000000dcf80000)
  from space 26112K, 99% used [0x00000000dcf80000,0x00000000de8f8d80,0x00000000de900000)
  to   space 34304K, 0% used [0x00000000e1180000,0x00000000e1180000,0x00000000e3300000)
 ParOldGen       total 140288K, used 48011K [0x0000000081c00000, 0x000000008a500000, 0x00000000d5f00000)
  object space 140288K, 34% used [0x0000000081c00000,0x0000000084ae2c78,0x000000008a500000)
 Metaspace       used 57732K, capacity 58808K, committed 58968K, reserved 1101824K
  class space    used 6714K, capacity 7016K, committed 7040K, reserved 1048576K
Event: 11.093 GC heap after
Heap after GC invocations=10 (full 2):
 PSYoungGen      total 175616K, used 34301K [0x00000000d5f00000, 0x00000000e3f00000, 0x0000000100000000)
  eden space 141312K, 0% used [0x00000000d5f00000,0x00000000d5f00000,0x00000000de900000)
  from space 34304K, 99% used [0x00000000e1180000,0x00000000e32ff7d0,0x00000000e3300000)
  to   space 41472K, 0% used [0x00000000de900000,0x00000000de900000,0x00000000e1180000)
 ParOldGen       total 140288K, used 52584K [0x0000000081c00000, 0x000000008a500000, 0x00000000d5f00000)
  object space 140288K, 37% used [0x0000000081c00000,0x0000000084f5a038,0x000000008a500000)
 Metaspace       used 57732K, capacity 58808K, committed 58968K, reserved 1101824K
  class space    used 6714K, capacity 7016K, committed 7040K, reserved 1048576K
}
Event: 11.093 GC heap before
{Heap before GC invocations=11 (full 3):
 PSYoungGen      total 175616K, used 34301K [0x00000000d5f00000, 0x00000000e3f00000, 0x0000000100000000)
  eden space 141312K, 0% used [0x00000000d5f00000,0x00000000d5f00000,0x00000000de900000)
  from space 34304K, 99% used [0x00000000e1180000,0x00000000e32ff7d0,0x00000000e3300000)
  to   space 41472K, 0% used [0x00000000de900000,0x00000000de900000,0x00000000e1180000)
 ParOldGen       total 140288K, used 52584K [0x0000000081c00000, 0x000000008a500000, 0x00000000d5f00000)
  object space 140288K, 37% used [0x0000000081c00000,0x0000000084f5a038,0x000000008a500000)
 Metaspace       used 57732K, capacity 58808K, committed 58968K, reserved 1101824K
  class space    used 6714K, capacity 7016K, committed 7040K, reserved 1048576K
Event: 11.410 GC heap after
Heap after GC invocations=11 (full 3):
 PSYoungGen      total 175616K, used 0K [0x00000000d5f00000, 0x00000000e3f00000, 0x0000000100000000)
  eden space 141312K, 0% used [0x00000000d5f00000,0x00000000d5f00000,0x00000000de900000)
  from space 34304K, 0% used [0x00000000e1180000,0x00000000e1180000,0x00000000e3300000)
  to   space 41472K, 0% used [0x00000000de900000,0x00000000de900000,0x00000000e1180000)
 ParOldGen       total 211456K, used 68584K [0x0000000081c00000, 0x000000008ea80000, 0x00000000d5f00000)
  object space 211456K, 32% used [0x0000000081c00000,0x0000000085efa228,0x000000008ea80000)
 Metaspace       used 57732K, capacity 58808K, committed 58968K, reserved 1101824K
  class space    used 6714K, capacity 7016K, committed 7040K, reserved 1048576K
}

