# JRE version: OpenJDK Runtime Environment (8.0_242-b01) (build 1.8.0_242-release-1644-b01)
# Java VM: OpenJDK 64-Bit Server VM (25.242-b01 mixed mode windows-amd64 compressed oops)
Heap:
 PSYoungGen      total 225280K, used 52449K [0x00000000e0000000, 0x00000000f1380000, 0x0000000100000000)
  eden space 215552K, 19% used [0x00000000e0000000,0x00000000e29bbd80,0x00000000ed280000)
  from space 9728K, 99% used [0x00000000efc00000,0x00000000f057c8e8,0x00000000f0580000)
  to   space 33280K, 0% used [0x00000000ed280000,0x00000000ed280000,0x00000000ef300000)
 ParOldGen       total 207872K, used 94990K [0x00000000a0000000, 0x00000000acb00000, 0x00000000e0000000)
  object space 207872K, 45% used [0x00000000a0000000,0x00000000a5cc38d0,0x00000000acb00000)
 Metaspace       used 98096K, capacity 102276K, committed 103500K, reserved 1138688K
  class space    used 12812K, capacity 13690K, committed 13952K, reserved 1048576K
GC Heap History (10 events):
Event: 2688.990 GC heap before
{Heap before GC invocations=20 (full 3):
 PSYoungGen      total 210432K, used 161853K [0x00000000e0000000, 0x00000000f1400000, 0x0000000100000000)
  eden space 195072K, 75% used [0x00000000e0000000,0x00000000e8f82e50,0x00000000ebe80000)
  from space 15360K, 96% used [0x00000000f0500000,0x00000000f138c5c0,0x00000000f1400000)
  to   space 24576K, 0% used [0x00000000ee400000,0x00000000ee400000,0x00000000efc00000)
 ParOldGen       total 135168K, used 69952K [0x00000000a0000000, 0x00000000a8400000, 0x00000000e0000000)
  object space 135168K, 51% used [0x00000000a0000000,0x00000000a4450310,0x00000000a8400000)
 Metaspace       used 93578K, capacity 98238K, committed 98380K, reserved 1134592K
  class space    used 12359K, capacity 13342K, committed 13440K, reserved 1048576K
Event: 2689.033 GC heap after
Heap after GC invocations=20 (full 3):
 PSYoungGen      total 213504K, used 24570K [0x00000000e0000000, 0x00000000f0580000, 0x0000000100000000)
  eden space 188928K, 0% used [0x00000000e0000000,0x00000000e0000000,0x00000000eb880000)
  from space 24576K, 99% used [0x00000000ee400000,0x00000000efbfeb90,0x00000000efc00000)
  to   space 9728K, 0% used [0x00000000efc00000,0x00000000efc00000,0x00000000f0580000)
 ParOldGen       total 135168K, used 77492K [0x00000000a0000000, 0x00000000a8400000, 0x00000000e0000000)
  object space 135168K, 57% used [0x00000000a0000000,0x00000000a4bad008,0x00000000a8400000)
 Metaspace       used 93578K, capacity 98238K, committed 98380K, reserved 1134592K
  class space    used 12359K, capacity 13342K, committed 13440K, reserved 1048576K
}
Event: 2689.033 GC heap before
{Heap before GC invocations=21 (full 4):
 PSYoungGen      total 213504K, used 24570K [0x00000000e0000000, 0x00000000f0580000, 0x0000000100000000)
  eden space 188928K, 0% used [0x00000000e0000000,0x00000000e0000000,0x00000000eb880000)
  from space 24576K, 99% used [0x00000000ee400000,0x00000000efbfeb90,0x00000000efc00000)
  to   space 9728K, 0% used [0x00000000efc00000,0x00000000efc00000,0x00000000f0580000)
 ParOldGen       total 135168K, used 77492K [0x00000000a0000000, 0x00000000a8400000, 0x00000000e0000000)
  object space 135168K, 57% used [0x00000000a0000000,0x00000000a4bad008,0x00000000a8400000)
 Metaspace       used 93578K, capacity 98238K, committed 98380K, reserved 1134592K
  class space    used 12359K, capacity 13342K, committed 13440K, reserved 1048576K
Event: 2689.330 GC heap after
Heap after GC invocations=21 (full 4):
 PSYoungGen      total 213504K, used 0K [0x00000000e0000000, 0x00000000f0580000, 0x0000000100000000)
  eden space 188928K, 0% used [0x00000000e0000000,0x00000000e0000000,0x00000000eb880000)
  from space 24576K, 0% used [0x00000000ee400000,0x00000000ee400000,0x00000000efc00000)
  to   space 9728K, 0% used [0x00000000efc00000,0x00000000efc00000,0x00000000f0580000)
 ParOldGen       total 207872K, used 65074K [0x00000000a0000000, 0x00000000acb00000, 0x00000000e0000000)
  object space 207872K, 31% used [0x00000000a0000000,0x00000000a3f8c910,0x00000000acb00000)
 Metaspace       used 92402K, capacity 95994K, committed 98380K, reserved 1134592K
  class space    used 12135K, capacity 12910K, committed 13440K, reserved 1048576K
}
Event: 2694.831 GC heap before
{Heap before GC invocations=22 (full 4):
 PSYoungGen      total 213504K, used 188928K [0x00000000e0000000, 0x00000000f0580000, 0x0000000100000000)
  eden space 188928K, 100% used [0x00000000e0000000,0x00000000eb880000,0x00000000eb880000)
  from space 24576K, 0% used [0x00000000ee400000,0x00000000ee400000,0x00000000efc00000)
  to   space 9728K, 0% used [0x00000000efc00000,0x00000000efc00000,0x00000000f0580000)
 ParOldGen       total 207872K, used 65074K [0x00000000a0000000, 0x00000000acb00000, 0x00000000e0000000)
  object space 207872K, 31% used [0x00000000a0000000,0x00000000a3f8c910,0x00000000acb00000)
 Metaspace       used 93341K, capacity 97064K, committed 99148K, reserved 1134592K
  class space    used 12240K, capacity 13043K, committed 13440K, reserved 1048576K
Event: 2694.863 GC heap after
Heap after GC invocations=22 (full 4):
 PSYoungGen      total 225280K, used 9696K [0x00000000e0000000, 0x00000000f1380000, 0x0000000100000000)
  eden space 215552K, 0% used [0x00000000e0000000,0x00000000e0000000,0x00000000ed280000)
  from space 9728K, 99% used [0x00000000efc00000,0x00000000f0578030,0x00000000f0580000)
  to   space 33280K, 0% used [0x00000000ed280000,0x00000000ed280000,0x00000000ef300000)
 ParOldGen       total 207872K, used 80483K [0x00000000a0000000, 0x00000000acb00000, 0x00000000e0000000)
  object space 207872K, 38% used [0x00000000a0000000,0x00000000a4e98fc0,0x00000000acb00000)
 Metaspace       used 93341K, capacity 97064K, committed 99148K, reserved 1134592K
  class space    used 12240K, capacity 13043K, committed 13440K, reserved 1048576K
}
Event: 2699.273 GC heap before
{Heap before GC invocations=23 (full 4):
 PSYoungGen      total 225280K, used 225248K [0x00000000e0000000, 0x00000000f1380000, 0x0000000100000000)
  eden space 215552K, 100% used [0x00000000e0000000,0x00000000ed280000,0x00000000ed280000)
  from space 9728K, 99% used [0x00000000efc00000,0x00000000f0578030,0x00000000f0580000)
  to   space 33280K, 0% used [0x00000000ed280000,0x00000000ed280000,0x00000000ef300000)
 ParOldGen       total 207872K, used 80483K [0x00000000a0000000, 0x00000000acb00000, 0x00000000e0000000)
  object space 207872K, 38% used [0x00000000a0000000,0x00000000a4e98fc0,0x00000000acb00000)
 Metaspace       used 94545K, capacity 98442K, committed 100044K, reserved 1136640K
  class space    used 12406K, capacity 13250K, committed 13568K, reserved 1048576K
Event: 2699.295 GC heap after
Heap after GC invocations=23 (full 4):
 PSYoungGen      total 248832K, used 10670K [0x00000000e0000000, 0x00000000f1380000, 0x0000000100000000)
  eden space 215552K, 0% used [0x00000000e0000000,0x00000000e0000000,0x00000000ed280000)
  from space 33280K, 32% used [0x00000000ed280000,0x00000000edcebb80,0x00000000ef300000)
  to   space 9728K, 0% used [0x00000000efc00000,0x00000000efc00000,0x00000000f0580000)
 ParOldGen       total 207872K, used 89541K [0x00000000a0000000, 0x00000000acb00000, 0x00000000e0000000)
  object space 207872K, 43% used [0x00000000a0000000,0x00000000a5771460,0x00000000acb00000)
 Metaspace       used 94545K, capacity 98442K, committed 100044K, reserved 1136640K
  class space    used 12406K, capacity 13250K, committed 13568K, reserved 1048576K
}
Event: 2718.865 GC heap before
{Heap before GC invocations=24 (full 4):
 PSYoungGen      total 248832K, used 226222K [0x00000000e0000000, 0x00000000f1380000, 0x0000000100000000)
  eden space 215552K, 100% used [0x00000000e0000000,0x00000000ed280000,0x00000000ed280000)
  from space 33280K, 32% used [0x00000000ed280000,0x00000000edcebb80,0x00000000ef300000)
  to   space 9728K, 0% used [0x00000000efc00000,0x00000000efc00000,0x00000000f0580000)
 ParOldGen       total 207872K, used 89541K [0x00000000a0000000, 0x00000000acb00000, 0x00000000e0000000)
  object space 207872K, 43% used [0x00000000a0000000,0x00000000a5771460,0x00000000acb00000)
 Metaspace       used 96351K, capacity 100368K, committed 101964K, reserved 1138688K
  class space    used 12582K, capacity 13417K, committed 13696K, reserved 1048576K
Event: 2718.883 GC heap after
Heap after GC invocations=24 (full 4):
 PSYoungGen      total 225280K, used 9714K [0x00000000e0000000, 0x00000000f1380000, 0x0000000100000000)
  eden space 215552K, 0% used [0x00000000e0000000,0x00000000e0000000,0x00000000ed280000)
  from space 9728K, 99% used [0x00000000efc00000,0x00000000f057c8e8,0x00000000f0580000)
  to   space 33280K, 0% used [0x00000000ed280000,0x00000000ed280000,0x00000000ef300000)
 ParOldGen       total 207872K, used 94990K [0x00000000a0000000, 0x00000000acb00000, 0x00000000e0000000)
  object space 207872K, 45% used [0x00000000a0000000,0x00000000a5cc38d0,0x00000000acb00000)
 Metaspace       used 96351K, capacity 100368K, committed 101964K, reserved 1138688K
  class space    used 12582K, capacity 13417K, committed 13696K, reserved 1048576K
}

